<?xml version="1.0" encoding="UTF-8"?>
<!-- Generated by org.testng.reporters.JUnitReportReporter -->
<testsuite hostname="19f7d4f5b00559a" failures="0" tests="1" name="com.amazon.amazon.TestClass" time="4.810" errors="0" timestamp="2023-11-18T14:58:16 IST" skipped="0">
  <testcase classname="com.amazon.amazon.TestClass" name="signUpPage" time="4.810"/>
</testsuite> <!-- com.amazon.amazon.TestClass -->
