<?xml version="1.0" encoding="UTF-8"?>
<!-- Generated by org.testng.reporters.JUnitReportReporter -->
<testsuite hostname="19f7d4f5b00559a" failures="0" tests="2" name="com.amazon.tests.TestClass" time="21.501" errors="0" timestamp="2023-11-23T14:17:52 IST" skipped="0">
  <testcase classname="com.amazon.tests.TestClass" name="signUpAndLoginPage" time="14.482"/>
  <testcase classname="com.amazon.tests.TestClass" name="searchItemAndAddToCart" time="7.019"/>
</testsuite> <!-- com.amazon.tests.TestClass -->
